<?xml version="1.0" encoding="UTF-8"?>
<coverage generated="1735236251934" clover="3.2.0">
  <project timestamp="1735236251934" name="All files">
    <metrics statements="46" coveredstatements="38" conditionals="7" coveredconditionals="7" methods="10" coveredmethods="6" elements="63" coveredelements="51" complexity="0" loc="46" ncloc="46" packages="2" files="2" classes="2"/>
    <package name="domain">
      <metrics statements="23" coveredstatements="22" conditionals="4" coveredconditionals="4" methods="4" coveredmethods="3"/>
      <file name="user.ts" path="C:\Users\iagom\OneDrive\Coding\RocketSeat\solid node project\src\domain\user.ts">
        <metrics statements="23" coveredstatements="22" conditionals="4" coveredconditionals="4" methods="4" coveredmethods="3"/>
        <line num="2" count="1" type="stmt"/>
        <line num="4" count="1" type="cond" truecount="1" falsecount="0"/>
        <line num="5" count="4" type="stmt"/>
        <line num="6" count="4" type="stmt"/>
        <line num="7" count="4" type="stmt"/>
        <line num="8" count="4" type="stmt"/>
        <line num="9" count="4" type="stmt"/>
        <line num="10" count="4" type="stmt"/>
        <line num="12" count="4" type="stmt"/>
        <line num="13" count="1" type="cond" truecount="1" falsecount="0"/>
        <line num="15" count="2" type="stmt"/>
        <line num="16" count="2" type="cond" truecount="1" falsecount="0"/>
        <line num="17" count="2" type="stmt"/>
        <line num="18" count="2" type="stmt"/>
        <line num="19" count="1" type="stmt"/>
        <line num="21" count="1" type="stmt"/>
        <line num="23" count="1" type="cond" truecount="1" falsecount="0"/>
        <line num="24" count="2" type="stmt"/>
        <line num="25" count="1" type="stmt"/>
        <line num="27" count="1" type="stmt"/>
        <line num="29" count="1" type="stmt"/>
        <line num="30" count="0" type="stmt"/>
        <line num="31" count="1" type="stmt"/>
      </file>
    </package>
    <package name="uses-cases">
      <metrics statements="23" coveredstatements="16" conditionals="3" coveredconditionals="3" methods="6" coveredmethods="3"/>
      <file name="create-account.use-case.ts" path="C:\Users\iagom\OneDrive\Coding\RocketSeat\solid node project\src\uses-cases\create-account.use-case.ts">
        <metrics statements="23" coveredstatements="16" conditionals="3" coveredconditionals="3" methods="6" coveredmethods="3"/>
        <line num="3" count="1" type="stmt"/>
        <line num="4" count="1" type="cond" truecount="1" falsecount="0"/>
        <line num="5" count="1" type="stmt"/>
        <line num="6" count="1" type="stmt"/>
        <line num="7" count="1" type="stmt"/>
        <line num="8" count="0" type="stmt"/>
        <line num="9" count="0" type="stmt"/>
        <line num="11" count="1" type="cond" truecount="1" falsecount="0"/>
        <line num="12" count="2" type="stmt"/>
        <line num="13" count="2" type="stmt"/>
        <line num="15" count="1" type="cond" truecount="1" falsecount="0"/>
        <line num="16" count="2" type="stmt"/>
        <line num="17" count="2" type="stmt"/>
        <line num="18" count="2" type="stmt"/>
        <line num="19" count="2" type="stmt"/>
        <line num="21" count="1" type="stmt"/>
        <line num="22" count="0" type="stmt"/>
        <line num="23" count="0" type="stmt"/>
        <line num="25" count="1" type="stmt"/>
        <line num="26" count="0" type="stmt"/>
        <line num="28" count="0" type="stmt"/>
        <line num="29" count="0" type="stmt"/>
        <line num="30" count="1" type="stmt"/>
      </file>
    </package>
  </project>
</coverage>
