{"C:\\Users\\iagom\\OneDrive\\Coding\\RocketSeat\\solid node project\\src\\domain\\user.ts": {"path":"C:\\Users\\iagom\\OneDrive\\Coding\\RocketSeat\\solid node project\\src\\domain\\user.ts","all":false,"statementMap":{"1":{"start":{"line":2,"column":0},"end":{"line":2,"column":24}},"3":{"start":{"line":4,"column":0},"end":{"line":4,"column":16}},"4":{"start":{"line":5,"column":0},"end":{"line":5,"column":27}},"5":{"start":{"line":6,"column":0},"end":{"line":6,"column":29}},"6":{"start":{"line":7,"column":0},"end":{"line":7,"column":32}},"7":{"start":{"line":8,"column":0},"end":{"line":8,"column":30}},"8":{"start":{"line":9,"column":0},"end":{"line":9,"column":30}},"9":{"start":{"line":10,"column":0},"end":{"line":10,"column":6}},"11":{"start":{"line":12,"column":0},"end":{"line":12,"column":5}},"12":{"start":{"line":13,"column":0},"end":{"line":13,"column":45}},"14":{"start":{"line":15,"column":0},"end":{"line":15,"column":44}},"15":{"start":{"line":16,"column":0},"end":{"line":16,"column":64}},"16":{"start":{"line":17,"column":0},"end":{"line":17,"column":19}},"17":{"start":{"line":18,"column":0},"end":{"line":18,"column":5}},"18":{"start":{"line":19,"column":0},"end":{"line":19,"column":1}},"20":{"start":{"line":21,"column":0},"end":{"line":21,"column":31}},"22":{"start":{"line":23,"column":0},"end":{"line":23,"column":79}},"23":{"start":{"line":24,"column":0},"end":{"line":24,"column":5}},"24":{"start":{"line":25,"column":0},"end":{"line":25,"column":1}},"26":{"start":{"line":27,"column":0},"end":{"line":27,"column":29}},"28":{"start":{"line":29,"column":0},"end":{"line":29,"column":118}},"29":{"start":{"line":30,"column":0},"end":{"line":30,"column":5}},"30":{"start":{"line":31,"column":0},"end":{"line":31,"column":1}}},"s":{"1":1,"3":1,"4":4,"5":4,"6":4,"7":4,"8":4,"9":4,"11":4,"12":1,"14":2,"15":2,"16":2,"17":2,"18":1,"20":1,"22":1,"23":2,"24":1,"26":1,"28":1,"29":0,"30":1},"branchMap":{"0":{"type":"branch","line":4,"loc":{"start":{"line":4,"column":4},"end":{"line":12,"column":5}},"locations":[{"start":{"line":4,"column":4},"end":{"line":12,"column":5}}]},"1":{"type":"branch","line":13,"loc":{"start":{"line":13,"column":11},"end":{"line":18,"column":5}},"locations":[{"start":{"line":13,"column":11},"end":{"line":18,"column":5}}]},"2":{"type":"branch","line":16,"loc":{"start":{"line":16,"column":39},"end":{"line":16,"column":64}},"locations":[{"start":{"line":16,"column":39},"end":{"line":16,"column":64}}]},"3":{"type":"branch","line":23,"loc":{"start":{"line":23,"column":4},"end":{"line":24,"column":5}},"locations":[{"start":{"line":23,"column":4},"end":{"line":24,"column":5}}]}},"b":{"0":[4],"1":[2],"2":[1],"3":[2]},"fnMap":{"0":{"name":"UserDomain","decl":{"start":{"line":4,"column":4},"end":{"line":12,"column":5}},"loc":{"start":{"line":4,"column":4},"end":{"line":12,"column":5}},"line":4},"1":{"name":"userMerge","decl":{"start":{"line":13,"column":11},"end":{"line":18,"column":5}},"loc":{"start":{"line":13,"column":11},"end":{"line":18,"column":5}},"line":13},"2":{"name":"PartialUserUpdate","decl":{"start":{"line":23,"column":4},"end":{"line":24,"column":5}},"loc":{"start":{"line":23,"column":4},"end":{"line":24,"column":5}},"line":23},"3":{"name":"UserAggregator","decl":{"start":{"line":29,"column":4},"end":{"line":30,"column":5}},"loc":{"start":{"line":29,"column":4},"end":{"line":30,"column":5}},"line":29}},"f":{"0":4,"1":2,"2":2,"3":0}}
,"C:\\Users\\iagom\\OneDrive\\Coding\\RocketSeat\\solid node project\\src\\uses-cases\\create-account.use-case.ts": {"path":"C:\\Users\\iagom\\OneDrive\\Coding\\RocketSeat\\solid node project\\src\\uses-cases\\create-account.use-case.ts","all":false,"statementMap":{"2":{"start":{"line":3,"column":0},"end":{"line":3,"column":29}},"3":{"start":{"line":4,"column":0},"end":{"line":4,"column":16}},"4":{"start":{"line":5,"column":0},"end":{"line":5,"column":52}},"5":{"start":{"line":6,"column":0},"end":{"line":6,"column":5}},"6":{"start":{"line":7,"column":0},"end":{"line":7,"column":41}},"7":{"start":{"line":8,"column":0},"end":{"line":8,"column":49}},"8":{"start":{"line":9,"column":0},"end":{"line":9,"column":8}},"10":{"start":{"line":11,"column":0},"end":{"line":11,"column":29}},"11":{"start":{"line":12,"column":0},"end":{"line":12,"column":44}},"12":{"start":{"line":13,"column":0},"end":{"line":13,"column":7}},"14":{"start":{"line":15,"column":0},"end":{"line":15,"column":52}},"15":{"start":{"line":16,"column":0},"end":{"line":16,"column":55}},"16":{"start":{"line":17,"column":0},"end":{"line":17,"column":54}},"17":{"start":{"line":18,"column":0},"end":{"line":18,"column":63}},"18":{"start":{"line":19,"column":0},"end":{"line":19,"column":5}},"20":{"start":{"line":21,"column":0},"end":{"line":21,"column":32}},"21":{"start":{"line":22,"column":0},"end":{"line":22,"column":40}},"22":{"start":{"line":23,"column":0},"end":{"line":23,"column":5}},"24":{"start":{"line":25,"column":0},"end":{"line":25,"column":64}},"25":{"start":{"line":26,"column":0},"end":{"line":26,"column":73}},"27":{"start":{"line":28,"column":0},"end":{"line":28,"column":23}},"28":{"start":{"line":29,"column":0},"end":{"line":29,"column":5}},"29":{"start":{"line":30,"column":0},"end":{"line":30,"column":1}}},"s":{"2":1,"3":1,"4":1,"5":1,"6":1,"7":0,"8":0,"10":1,"11":2,"12":2,"14":1,"15":2,"16":2,"17":2,"18":2,"20":1,"21":0,"22":0,"24":1,"25":0,"27":0,"28":0,"29":1},"branchMap":{"0":{"type":"branch","line":4,"loc":{"start":{"line":4,"column":4},"end":{"line":6,"column":5}},"locations":[{"start":{"line":4,"column":4},"end":{"line":6,"column":5}}]},"1":{"type":"branch","line":11,"loc":{"start":{"line":11,"column":4},"end":{"line":13,"column":7}},"locations":[{"start":{"line":11,"column":4},"end":{"line":13,"column":7}}]},"2":{"type":"branch","line":15,"loc":{"start":{"line":15,"column":4},"end":{"line":19,"column":5}},"locations":[{"start":{"line":15,"column":4},"end":{"line":19,"column":5}}]}},"b":{"0":[1],"1":[2],"2":[2]},"fnMap":{"0":{"name":"UserCrudUsecase","decl":{"start":{"line":4,"column":4},"end":{"line":6,"column":5}},"loc":{"start":{"line":4,"column":4},"end":{"line":6,"column":5}},"line":4},"1":{"name":"createAccount","decl":{"start":{"line":7,"column":4},"end":{"line":9,"column":8}},"loc":{"start":{"line":7,"column":4},"end":{"line":9,"column":8}},"line":7},"2":{"name":"getUser","decl":{"start":{"line":11,"column":4},"end":{"line":13,"column":7}},"loc":{"start":{"line":11,"column":4},"end":{"line":13,"column":7}},"line":11},"3":{"name":"updateUser","decl":{"start":{"line":15,"column":4},"end":{"line":19,"column":5}},"loc":{"start":{"line":15,"column":4},"end":{"line":19,"column":5}},"line":15},"4":{"name":"deleteUser","decl":{"start":{"line":21,"column":4},"end":{"line":23,"column":5}},"loc":{"start":{"line":21,"column":4},"end":{"line":23,"column":5}},"line":21},"5":{"name":"getAllUsers","decl":{"start":{"line":25,"column":4},"end":{"line":29,"column":5}},"loc":{"start":{"line":25,"column":4},"end":{"line":29,"column":5}},"line":25}},"f":{"0":1,"1":0,"2":2,"3":2,"4":0,"5":0}}
}
